CRITICAL - 2024-02-23 15:03:03 --> Error: Class "App\Models\ArtikelModel" not found
in APPPATH/Controllers/Home.php on line 10.
 1 SYSTEMPATH/CodeIgniter.php(941): App\Controllers\Home->index()
 2 SYSTEMPATH/CodeIgniter.php(502): CodeIgniter\CodeIgniter->runController(Object(App\Controllers\Home))
 3 SYSTEMPATH/CodeIgniter.php(361): CodeIgniter\CodeIgniter->handleRequest(null, Object(Config\Cache), false)
 4 FCPATH/index.php(79): CodeIgniter\CodeIgniter->run()
 5 SYSTEMPATH/Commands/Server/rewrite.php(47): require_once('/Applications/XAMPP/xamppfiles/htdocs/siskar_padi/public/index.php')
INFO - 2024-02-23 15:03:07 --> Session: Class initialized using 'CodeIgniter\Session\Handlers\FileHandler' driver.
INFO - 2024-02-23 15:03:09 --> Session: Class initialized using 'CodeIgniter\Session\Handlers\FileHandler' driver.
INFO - 2024-02-23 15:03:16 --> Session: Class initialized using 'CodeIgniter\Session\Handlers\FileHandler' driver.
INFO - 2024-02-23 15:03:16 --> Session: Class initialized using 'CodeIgniter\Session\Handlers\FileHandler' driver.
INFO - 2024-02-23 15:03:29 --> Session: Class initialized using 'CodeIgniter\Session\Handlers\FileHandler' driver.
INFO - 2024-02-23 15:03:29 --> Session: Class initialized using 'CodeIgniter\Session\Handlers\FileHandler' driver.
INFO - 2024-02-23 15:03:34 --> Session: Class initialized using 'CodeIgniter\Session\Handlers\FileHandler' driver.
INFO - 2024-02-23 15:03:34 --> Session: Class initialized using 'CodeIgniter\Session\Handlers\FileHandler' driver.
INFO - 2024-02-23 15:03:41 --> Session: Class initialized using 'CodeIgniter\Session\Handlers\FileHandler' driver.
INFO - 2024-02-23 15:03:41 --> Session: Class initialized using 'CodeIgniter\Session\Handlers\FileHandler' driver.
ERROR - 2024-02-23 15:04:02 --> mysqli_sql_exception: Duplicate entry '' for key 'PRIMARY' in /Applications/XAMPP/xamppfiles/htdocs/siskar_padi/vendor/codeigniter4/framework/system/Database/MySQLi/Connection.php:306
Stack trace:
#0 /Applications/XAMPP/xamppfiles/htdocs/siskar_padi/vendor/codeigniter4/framework/system/Database/MySQLi/Connection.php(306): mysqli->query('INSERT INTO `ge...', 0)
#1 /Applications/XAMPP/xamppfiles/htdocs/siskar_padi/vendor/codeigniter4/framework/system/Database/BaseConnection.php(693): CodeIgniter\Database\MySQLi\Connection->execute('INSERT INTO `ge...')
#2 /Applications/XAMPP/xamppfiles/htdocs/siskar_padi/vendor/codeigniter4/framework/system/Database/BaseConnection.php(607): CodeIgniter\Database\BaseConnection->simpleQuery('INSERT INTO `ge...')
#3 /Applications/XAMPP/xamppfiles/htdocs/siskar_padi/vendor/codeigniter4/framework/system/Database/BaseBuilder.php(2302): CodeIgniter\Database\BaseConnection->query('INSERT INTO `ge...', Array, false)
#4 /Applications/XAMPP/xamppfiles/htdocs/siskar_padi/vendor/codeigniter4/framework/system/Model.php(326): CodeIgniter\Database\BaseBuilder->insert()
#5 /Applications/XAMPP/xamppfiles/htdocs/siskar_padi/vendor/codeigniter4/framework/system/BaseModel.php(802): CodeIgniter\Model->doInsert(Array)
#6 /Applications/XAMPP/xamppfiles/htdocs/siskar_padi/vendor/codeigniter4/framework/system/Model.php(744): CodeIgniter\BaseModel->insert(Array, true)
#7 /Applications/XAMPP/xamppfiles/htdocs/siskar_padi/app/Controllers/GejalaController.php(31): CodeIgniter\Model->insert(Array)
#8 /Applications/XAMPP/xamppfiles/htdocs/siskar_padi/vendor/codeigniter4/framework/system/CodeIgniter.php(941): App\Controllers\GejalaController->simpan()
#9 /Applications/XAMPP/xamppfiles/htdocs/siskar_padi/vendor/codeigniter4/framework/system/CodeIgniter.php(502): CodeIgniter\CodeIgniter->runController(Object(App\Controllers\GejalaController))
#10 /Applications/XAMPP/xamppfiles/htdocs/siskar_padi/vendor/codeigniter4/framework/system/CodeIgniter.php(361): CodeIgniter\CodeIgniter->handleRequest(NULL, Object(Config\Cache), false)
#11 /Applications/XAMPP/xamppfiles/htdocs/siskar_padi/public/index.php(79): CodeIgniter\CodeIgniter->run()
#12 /Applications/XAMPP/xamppfiles/htdocs/siskar_padi/vendor/codeigniter4/framework/system/Commands/Server/rewrite.php(47): require_once('/Applications/X...')
#13 {main}
CRITICAL - 2024-02-23 15:04:02 --> CodeIgniter\Database\Exceptions\DatabaseException: Duplicate entry '' for key 'PRIMARY'
in SYSTEMPATH/Database/BaseConnection.php on line 647.
 1 SYSTEMPATH/Database/BaseBuilder.php(2302): CodeIgniter\Database\BaseConnection->query('INSERT INTO `gejala` (`nama_gejala`) VALUES (:nama_gejala:)', [...], false)
 2 SYSTEMPATH/Model.php(326): CodeIgniter\Database\BaseBuilder->insert()
 3 SYSTEMPATH/BaseModel.php(802): CodeIgniter\Model->doInsert([...])
 4 SYSTEMPATH/Model.php(744): CodeIgniter\BaseModel->insert([...], true)
 5 APPPATH/Controllers/GejalaController.php(31): CodeIgniter\Model->insert([...])
 6 SYSTEMPATH/CodeIgniter.php(941): App\Controllers\GejalaController->simpan()
 7 SYSTEMPATH/CodeIgniter.php(502): CodeIgniter\CodeIgniter->runController(Object(App\Controllers\GejalaController))
 8 SYSTEMPATH/CodeIgniter.php(361): CodeIgniter\CodeIgniter->handleRequest(null, Object(Config\Cache), false)
 9 FCPATH/index.php(79): CodeIgniter\CodeIgniter->run()
10 SYSTEMPATH/Commands/Server/rewrite.php(47): require_once('/Applications/XAMPP/xamppfiles/htdocs/siskar_padi/public/index.php')
CRITICAL - 2024-02-23 15:04:02 --> [Caused by] CodeIgniter\Database\Exceptions\DatabaseException: Duplicate entry '' for key 'PRIMARY'
in SYSTEMPATH/Database/MySQLi/Connection.php on line 311.
 1 SYSTEMPATH/Database/BaseConnection.php(693): CodeIgniter\Database\MySQLi\Connection->execute('INSERT INTO `gejala` (`nama_gejala`) VALUES (\'gejala baru\')')
 2 SYSTEMPATH/Database/BaseConnection.php(607): CodeIgniter\Database\BaseConnection->simpleQuery('INSERT INTO `gejala` (`nama_gejala`) VALUES (\'gejala baru\')')
 3 SYSTEMPATH/Database/BaseBuilder.php(2302): CodeIgniter\Database\BaseConnection->query('INSERT INTO `gejala` (`nama_gejala`) VALUES (:nama_gejala:)', [...], false)
 4 SYSTEMPATH/Model.php(326): CodeIgniter\Database\BaseBuilder->insert()
 5 SYSTEMPATH/BaseModel.php(802): CodeIgniter\Model->doInsert([...])
 6 SYSTEMPATH/Model.php(744): CodeIgniter\BaseModel->insert([...], true)
 7 APPPATH/Controllers/GejalaController.php(31): CodeIgniter\Model->insert([...])
 8 SYSTEMPATH/CodeIgniter.php(941): App\Controllers\GejalaController->simpan()
 9 SYSTEMPATH/CodeIgniter.php(502): CodeIgniter\CodeIgniter->runController(Object(App\Controllers\GejalaController))
10 SYSTEMPATH/CodeIgniter.php(361): CodeIgniter\CodeIgniter->handleRequest(null, Object(Config\Cache), false)
11 FCPATH/index.php(79): CodeIgniter\CodeIgniter->run()
12 SYSTEMPATH/Commands/Server/rewrite.php(47): require_once('/Applications/XAMPP/xamppfiles/htdocs/siskar_padi/public/index.php')
CRITICAL - 2024-02-23 15:04:02 --> [Caused by] mysqli_sql_exception: Duplicate entry '' for key 'PRIMARY'
in SYSTEMPATH/Database/MySQLi/Connection.php on line 306.
 1 SYSTEMPATH/Database/MySQLi/Connection.php(306): mysqli->query('INSERT INTO `gejala` (`nama_gejala`) VALUES (\'gejala baru\')', 0)
 2 SYSTEMPATH/Database/BaseConnection.php(693): CodeIgniter\Database\MySQLi\Connection->execute('INSERT INTO `gejala` (`nama_gejala`) VALUES (\'gejala baru\')')
 3 SYSTEMPATH/Database/BaseConnection.php(607): CodeIgniter\Database\BaseConnection->simpleQuery('INSERT INTO `gejala` (`nama_gejala`) VALUES (\'gejala baru\')')
 4 SYSTEMPATH/Database/BaseBuilder.php(2302): CodeIgniter\Database\BaseConnection->query('INSERT INTO `gejala` (`nama_gejala`) VALUES (:nama_gejala:)', [...], false)
 5 SYSTEMPATH/Model.php(326): CodeIgniter\Database\BaseBuilder->insert()
 6 SYSTEMPATH/BaseModel.php(802): CodeIgniter\Model->doInsert([...])
 7 SYSTEMPATH/Model.php(744): CodeIgniter\BaseModel->insert([...], true)
 8 APPPATH/Controllers/GejalaController.php(31): CodeIgniter\Model->insert([...])
 9 SYSTEMPATH/CodeIgniter.php(941): App\Controllers\GejalaController->simpan()
10 SYSTEMPATH/CodeIgniter.php(502): CodeIgniter\CodeIgniter->runController(Object(App\Controllers\GejalaController))
11 SYSTEMPATH/CodeIgniter.php(361): CodeIgniter\CodeIgniter->handleRequest(null, Object(Config\Cache), false)
12 FCPATH/index.php(79): CodeIgniter\CodeIgniter->run()
13 SYSTEMPATH/Commands/Server/rewrite.php(47): require_once('/Applications/XAMPP/xamppfiles/htdocs/siskar_padi/public/index.php')
CRITICAL - 2024-02-23 15:12:21 --> ErrorException: Undefined variable $id_penyakit
in APPPATH/Controllers/PenyakitController.php on line 58.
 1 APPPATH/Controllers/PenyakitController.php(58): CodeIgniter\Debug\Exceptions->errorHandler(2, 'Undefined variable $id_penyakit', '/Applications/XAMPP/xamppfiles/htdocs/siskar_padi/app/Controllers/PenyakitController.php', 58)
 2 SYSTEMPATH/CodeIgniter.php(941): App\Controllers\PenyakitController->update()
 3 SYSTEMPATH/CodeIgniter.php(502): CodeIgniter\CodeIgniter->runController(Object(App\Controllers\PenyakitController))
 4 SYSTEMPATH/CodeIgniter.php(361): CodeIgniter\CodeIgniter->handleRequest(null, Object(Config\Cache), false)
 5 FCPATH/index.php(79): CodeIgniter\CodeIgniter->run()
 6 SYSTEMPATH/Commands/Server/rewrite.php(47): require_once('/Applications/XAMPP/xamppfiles/htdocs/siskar_padi/public/index.php')
INFO - 2024-02-23 15:22:02 --> Session: Class initialized using 'CodeIgniter\Session\Handlers\FileHandler' driver.
