ERROR - 2024-03-20 00:16:31 --> mysqli_sql_exception: Unknown column 'pengetahuan.id_penyakit' in 'on clause' in /Applications/XAMPP/xamppfiles/htdocs/siskar_padi/vendor/codeigniter4/framework/system/Database/MySQLi/Connection.php:306
Stack trace:
#0 /Applications/XAMPP/xamppfiles/htdocs/siskar_padi/vendor/codeigniter4/framework/system/Database/MySQLi/Connection.php(306): mysqli->query('SELECT `pengeta...', 0)
#1 /Applications/XAMPP/xamppfiles/htdocs/siskar_padi/vendor/codeigniter4/framework/system/Database/BaseConnection.php(693): CodeIgniter\Database\MySQLi\Connection->execute('SELECT `pengeta...')
#2 /Applications/XAMPP/xamppfiles/htdocs/siskar_padi/vendor/codeigniter4/framework/system/Database/BaseConnection.php(607): CodeIgniter\Database\BaseConnection->simpleQuery('SELECT `pengeta...')
#3 /Applications/XAMPP/xamppfiles/htdocs/siskar_padi/vendor/codeigniter4/framework/system/Database/BaseBuilder.php(1613): CodeIgniter\Database\BaseConnection->query('SELECT `pengeta...', Array, false)
#4 /Applications/XAMPP/xamppfiles/htdocs/siskar_padi/vendor/codeigniter4/framework/system/Model.php(242): CodeIgniter\Database\BaseBuilder->get()
#5 /Applications/XAMPP/xamppfiles/htdocs/siskar_padi/vendor/codeigniter4/framework/system/BaseModel.php(638): CodeIgniter\Model->doFindAll(0, 0)
#6 /Applications/XAMPP/xamppfiles/htdocs/siskar_padi/app/Models/PengetahuanModel.php(21): CodeIgniter\BaseModel->findAll()
#7 /Applications/XAMPP/xamppfiles/htdocs/siskar_padi/app/Controllers/PengetahuanController.php(13): App\Models\PengetahuanModel->getPengetahuanWithNamaPenyakitAndGejala()
#8 /Applications/XAMPP/xamppfiles/htdocs/siskar_padi/vendor/codeigniter4/framework/system/CodeIgniter.php(941): App\Controllers\PengetahuanController->index()
#9 /Applications/XAMPP/xamppfiles/htdocs/siskar_padi/vendor/codeigniter4/framework/system/CodeIgniter.php(502): CodeIgniter\CodeIgniter->runController(Object(App\Controllers\PengetahuanController))
#10 /Applications/XAMPP/xamppfiles/htdocs/siskar_padi/vendor/codeigniter4/framework/system/CodeIgniter.php(361): CodeIgniter\CodeIgniter->handleRequest(NULL, Object(Config\Cache), false)
#11 /Applications/XAMPP/xamppfiles/htdocs/siskar_padi/public/index.php(79): CodeIgniter\CodeIgniter->run()
#12 /Applications/XAMPP/xamppfiles/htdocs/siskar_padi/vendor/codeigniter4/framework/system/Commands/Server/rewrite.php(47): require_once('/Applications/X...')
#13 {main}
CRITICAL - 2024-03-20 00:16:31 --> CodeIgniter\Database\Exceptions\DatabaseException: Unknown column 'pengetahuan.id_penyakit' in 'on clause'
in SYSTEMPATH/Database/BaseConnection.php on line 647.
 1 SYSTEMPATH/Database/BaseBuilder.php(1613): CodeIgniter\Database\BaseConnection->query('SELECT `pengetahuan`.*, `penyakit`.`nama_penyakit`, `gejala`.`nama_gejala`
FROM `pengetahuan`
LEFT JOIN `penyakit` ON `penyakit`.`id_penyakit` = `pengetahuan`.`id_penyakit`
LEFT JOIN `gejala` ON `gejala`.`id_gejala` = `pengetahuan`.`id_gejala`', [], false)
 2 SYSTEMPATH/Model.php(242): CodeIgniter\Database\BaseBuilder->get()
 3 SYSTEMPATH/BaseModel.php(638): CodeIgniter\Model->doFindAll(0, 0)
 4 APPPATH/Models/PengetahuanModel.php(21): CodeIgniter\BaseModel->findAll()
 5 APPPATH/Controllers/PengetahuanController.php(13): App\Models\PengetahuanModel->getPengetahuanWithNamaPenyakitAndGejala()
 6 SYSTEMPATH/CodeIgniter.php(941): App\Controllers\PengetahuanController->index()
 7 SYSTEMPATH/CodeIgniter.php(502): CodeIgniter\CodeIgniter->runController(Object(App\Controllers\PengetahuanController))
 8 SYSTEMPATH/CodeIgniter.php(361): CodeIgniter\CodeIgniter->handleRequest(null, Object(Config\Cache), false)
 9 FCPATH/index.php(79): CodeIgniter\CodeIgniter->run()
10 SYSTEMPATH/Commands/Server/rewrite.php(47): require_once('/Applications/XAMPP/xamppfiles/htdocs/siskar_padi/public/index.php')
CRITICAL - 2024-03-20 00:16:31 --> [Caused by] CodeIgniter\Database\Exceptions\DatabaseException: Unknown column 'pengetahuan.id_penyakit' in 'on clause'
in SYSTEMPATH/Database/MySQLi/Connection.php on line 311.
 1 SYSTEMPATH/Database/BaseConnection.php(693): CodeIgniter\Database\MySQLi\Connection->execute('SELECT `pengetahuan`.*, `penyakit`.`nama_penyakit`, `gejala`.`nama_gejala`
FROM `pengetahuan`
LEFT JOIN `penyakit` ON `penyakit`.`id_penyakit` = `pengetahuan`.`id_penyakit`
LEFT JOIN `gejala` ON `gejala`.`id_gejala` = `pengetahuan`.`id_gejala`')
 2 SYSTEMPATH/Database/BaseConnection.php(607): CodeIgniter\Database\BaseConnection->simpleQuery('SELECT `pengetahuan`.*, `penyakit`.`nama_penyakit`, `gejala`.`nama_gejala`
FROM `pengetahuan`
LEFT JOIN `penyakit` ON `penyakit`.`id_penyakit` = `pengetahuan`.`id_penyakit`
LEFT JOIN `gejala` ON `gejala`.`id_gejala` = `pengetahuan`.`id_gejala`')
 3 SYSTEMPATH/Database/BaseBuilder.php(1613): CodeIgniter\Database\BaseConnection->query('SELECT `pengetahuan`.*, `penyakit`.`nama_penyakit`, `gejala`.`nama_gejala`
FROM `pengetahuan`
LEFT JOIN `penyakit` ON `penyakit`.`id_penyakit` = `pengetahuan`.`id_penyakit`
LEFT JOIN `gejala` ON `gejala`.`id_gejala` = `pengetahuan`.`id_gejala`', [], false)
 4 SYSTEMPATH/Model.php(242): CodeIgniter\Database\BaseBuilder->get()
 5 SYSTEMPATH/BaseModel.php(638): CodeIgniter\Model->doFindAll(0, 0)
 6 APPPATH/Models/PengetahuanModel.php(21): CodeIgniter\BaseModel->findAll()
 7 APPPATH/Controllers/PengetahuanController.php(13): App\Models\PengetahuanModel->getPengetahuanWithNamaPenyakitAndGejala()
 8 SYSTEMPATH/CodeIgniter.php(941): App\Controllers\PengetahuanController->index()
 9 SYSTEMPATH/CodeIgniter.php(502): CodeIgniter\CodeIgniter->runController(Object(App\Controllers\PengetahuanController))
10 SYSTEMPATH/CodeIgniter.php(361): CodeIgniter\CodeIgniter->handleRequest(null, Object(Config\Cache), false)
11 FCPATH/index.php(79): CodeIgniter\CodeIgniter->run()
12 SYSTEMPATH/Commands/Server/rewrite.php(47): require_once('/Applications/XAMPP/xamppfiles/htdocs/siskar_padi/public/index.php')
CRITICAL - 2024-03-20 00:16:31 --> [Caused by] mysqli_sql_exception: Unknown column 'pengetahuan.id_penyakit' in 'on clause'
in SYSTEMPATH/Database/MySQLi/Connection.php on line 306.
 1 SYSTEMPATH/Database/MySQLi/Connection.php(306): mysqli->query('SELECT `pengetahuan`.*, `penyakit`.`nama_penyakit`, `gejala`.`nama_gejala`
FROM `pengetahuan`
LEFT JOIN `penyakit` ON `penyakit`.`id_penyakit` = `pengetahuan`.`id_penyakit`
LEFT JOIN `gejala` ON `gejala`.`id_gejala` = `pengetahuan`.`id_gejala`', 0)
 2 SYSTEMPATH/Database/BaseConnection.php(693): CodeIgniter\Database\MySQLi\Connection->execute('SELECT `pengetahuan`.*, `penyakit`.`nama_penyakit`, `gejala`.`nama_gejala`
FROM `pengetahuan`
LEFT JOIN `penyakit` ON `penyakit`.`id_penyakit` = `pengetahuan`.`id_penyakit`
LEFT JOIN `gejala` ON `gejala`.`id_gejala` = `pengetahuan`.`id_gejala`')
 3 SYSTEMPATH/Database/BaseConnection.php(607): CodeIgniter\Database\BaseConnection->simpleQuery('SELECT `pengetahuan`.*, `penyakit`.`nama_penyakit`, `gejala`.`nama_gejala`
FROM `pengetahuan`
LEFT JOIN `penyakit` ON `penyakit`.`id_penyakit` = `pengetahuan`.`id_penyakit`
LEFT JOIN `gejala` ON `gejala`.`id_gejala` = `pengetahuan`.`id_gejala`')
 4 SYSTEMPATH/Database/BaseBuilder.php(1613): CodeIgniter\Database\BaseConnection->query('SELECT `pengetahuan`.*, `penyakit`.`nama_penyakit`, `gejala`.`nama_gejala`
FROM `pengetahuan`
LEFT JOIN `penyakit` ON `penyakit`.`id_penyakit` = `pengetahuan`.`id_penyakit`
LEFT JOIN `gejala` ON `gejala`.`id_gejala` = `pengetahuan`.`id_gejala`', [], false)
 5 SYSTEMPATH/Model.php(242): CodeIgniter\Database\BaseBuilder->get()
 6 SYSTEMPATH/BaseModel.php(638): CodeIgniter\Model->doFindAll(0, 0)
 7 APPPATH/Models/PengetahuanModel.php(21): CodeIgniter\BaseModel->findAll()
 8 APPPATH/Controllers/PengetahuanController.php(13): App\Models\PengetahuanModel->getPengetahuanWithNamaPenyakitAndGejala()
 9 SYSTEMPATH/CodeIgniter.php(941): App\Controllers\PengetahuanController->index()
10 SYSTEMPATH/CodeIgniter.php(502): CodeIgniter\CodeIgniter->runController(Object(App\Controllers\PengetahuanController))
11 SYSTEMPATH/CodeIgniter.php(361): CodeIgniter\CodeIgniter->handleRequest(null, Object(Config\Cache), false)
12 FCPATH/index.php(79): CodeIgniter\CodeIgniter->run()
13 SYSTEMPATH/Commands/Server/rewrite.php(47): require_once('/Applications/XAMPP/xamppfiles/htdocs/siskar_padi/public/index.php')
CRITICAL - 2024-03-20 00:16:47 --> BadMethodCallException: Call to undefined method App\Models\PengetahuanModel::getPengetahuanWithNamaPenyakitAndGejala
in SYSTEMPATH/Model.php on line 874.
 1 APPPATH/Controllers/PengetahuanController.php(13): CodeIgniter\Model->__call('getPengetahuanWithNamaPenyakitAndGejala', [])
 2 SYSTEMPATH/CodeIgniter.php(941): App\Controllers\PengetahuanController->index()
 3 SYSTEMPATH/CodeIgniter.php(502): CodeIgniter\CodeIgniter->runController(Object(App\Controllers\PengetahuanController))
 4 SYSTEMPATH/CodeIgniter.php(361): CodeIgniter\CodeIgniter->handleRequest(null, Object(Config\Cache), false)
 5 FCPATH/index.php(79): CodeIgniter\CodeIgniter->run()
 6 SYSTEMPATH/Commands/Server/rewrite.php(47): require_once('/Applications/XAMPP/xamppfiles/htdocs/siskar_padi/public/index.php')
INFO - 2024-03-20 01:55:00 --> Session: Class initialized using 'CodeIgniter\Session\Handlers\FileHandler' driver.
INFO - 2024-03-20 01:55:00 --> Session: Class initialized using 'CodeIgniter\Session\Handlers\FileHandler' driver.
CRITICAL - 2024-03-20 01:55:13 --> Error: Class "App\Controllers\PengetahuanModel" not found
in APPPATH/Controllers/Home.php on line 19.
 1 SYSTEMPATH/CodeIgniter.php(941): App\Controllers\Home->diagnosa()
 2 SYSTEMPATH/CodeIgniter.php(502): CodeIgniter\CodeIgniter->runController(Object(App\Controllers\Home))
 3 SYSTEMPATH/CodeIgniter.php(361): CodeIgniter\CodeIgniter->handleRequest(null, Object(Config\Cache), false)
 4 FCPATH/index.php(79): CodeIgniter\CodeIgniter->run()
 5 SYSTEMPATH/Commands/Server/rewrite.php(47): require_once('/Applications/XAMPP/xamppfiles/htdocs/siskar_padi/public/index.php')
CRITICAL - 2024-03-20 01:55:30 --> Error: Class "App\Controllers\PenyakitModel" not found
in APPPATH/Controllers/Home.php on line 21.
 1 SYSTEMPATH/CodeIgniter.php(941): App\Controllers\Home->diagnosa()
 2 SYSTEMPATH/CodeIgniter.php(502): CodeIgniter\CodeIgniter->runController(Object(App\Controllers\Home))
 3 SYSTEMPATH/CodeIgniter.php(361): CodeIgniter\CodeIgniter->handleRequest(null, Object(Config\Cache), false)
 4 FCPATH/index.php(79): CodeIgniter\CodeIgniter->run()
 5 SYSTEMPATH/Commands/Server/rewrite.php(47): require_once('/Applications/XAMPP/xamppfiles/htdocs/siskar_padi/public/index.php')
CRITICAL - 2024-03-20 01:55:43 --> ErrorException: Undefined array key "nilai_fs"
in APPPATH/Controllers/Home.php on line 34.
 1 APPPATH/Controllers/Home.php(34): CodeIgniter\Debug\Exceptions->errorHandler(2, 'Undefined array key "nilai_fs"', '/Applications/XAMPP/xamppfiles/htdocs/siskar_padi/app/Controllers/Home.php', 34)
 2 SYSTEMPATH/CodeIgniter.php(941): App\Controllers\Home->diagnosa()
 3 SYSTEMPATH/CodeIgniter.php(502): CodeIgniter\CodeIgniter->runController(Object(App\Controllers\Home))
 4 SYSTEMPATH/CodeIgniter.php(361): CodeIgniter\CodeIgniter->handleRequest(null, Object(Config\Cache), false)
 5 FCPATH/index.php(79): CodeIgniter\CodeIgniter->run()
 6 SYSTEMPATH/Commands/Server/rewrite.php(47): require_once('/Applications/XAMPP/xamppfiles/htdocs/siskar_padi/public/index.php')
CRITICAL - 2024-03-20 01:56:01 --> Error: Undefined constant "App\Controllers\PHP_MAX_FLOAT"
in APPPATH/Controllers/Home.php on line 39.
 1 SYSTEMPATH/CodeIgniter.php(941): App\Controllers\Home->diagnosa()
 2 SYSTEMPATH/CodeIgniter.php(502): CodeIgniter\CodeIgniter->runController(Object(App\Controllers\Home))
 3 SYSTEMPATH/CodeIgniter.php(361): CodeIgniter\CodeIgniter->handleRequest(null, Object(Config\Cache), false)
 4 FCPATH/index.php(79): CodeIgniter\CodeIgniter->run()
 5 SYSTEMPATH/Commands/Server/rewrite.php(47): require_once('/Applications/XAMPP/xamppfiles/htdocs/siskar_padi/public/index.php')
CRITICAL - 2024-03-20 01:56:35 --> Error: Undefined constant "PHP_MAX_FLOAT"
in APPPATH/Controllers/Home.php on line 39.
 1 SYSTEMPATH/CodeIgniter.php(941): App\Controllers\Home->diagnosa()
 2 SYSTEMPATH/CodeIgniter.php(502): CodeIgniter\CodeIgniter->runController(Object(App\Controllers\Home))
 3 SYSTEMPATH/CodeIgniter.php(361): CodeIgniter\CodeIgniter->handleRequest(null, Object(Config\Cache), false)
 4 FCPATH/index.php(79): CodeIgniter\CodeIgniter->run()
 5 SYSTEMPATH/Commands/Server/rewrite.php(47): require_once('/Applications/XAMPP/xamppfiles/htdocs/siskar_padi/public/index.php')
ERROR - 2024-03-20 02:02:56 --> mysqli_sql_exception: Unknown column 'kode_penyakit' in 'where clause' in /Applications/XAMPP/xamppfiles/htdocs/siskar_padi/vendor/codeigniter4/framework/system/Database/MySQLi/Connection.php:306
Stack trace:
#0 /Applications/XAMPP/xamppfiles/htdocs/siskar_padi/vendor/codeigniter4/framework/system/Database/MySQLi/Connection.php(306): mysqli->query('SELECT *\nFROM `...', 0)
#1 /Applications/XAMPP/xamppfiles/htdocs/siskar_padi/vendor/codeigniter4/framework/system/Database/BaseConnection.php(693): CodeIgniter\Database\MySQLi\Connection->execute('SELECT *\nFROM `...')
#2 /Applications/XAMPP/xamppfiles/htdocs/siskar_padi/vendor/codeigniter4/framework/system/Database/BaseConnection.php(607): CodeIgniter\Database\BaseConnection->simpleQuery('SELECT *\nFROM `...')
#3 /Applications/XAMPP/xamppfiles/htdocs/siskar_padi/vendor/codeigniter4/framework/system/Database/BaseBuilder.php(1613): CodeIgniter\Database\BaseConnection->query('SELECT *\nFROM `...', Array, false)
#4 /Applications/XAMPP/xamppfiles/htdocs/siskar_padi/vendor/codeigniter4/framework/system/Model.php(270): CodeIgniter\Database\BaseBuilder->get()
#5 /Applications/XAMPP/xamppfiles/htdocs/siskar_padi/vendor/codeigniter4/framework/system/BaseModel.php(676): CodeIgniter\Model->doFirst()
#6 /Applications/XAMPP/xamppfiles/htdocs/siskar_padi/app/Controllers/Home.php(56): CodeIgniter\BaseModel->first()
#7 /Applications/XAMPP/xamppfiles/htdocs/siskar_padi/vendor/codeigniter4/framework/system/CodeIgniter.php(941): App\Controllers\Home->diagnosa()
#8 /Applications/XAMPP/xamppfiles/htdocs/siskar_padi/vendor/codeigniter4/framework/system/CodeIgniter.php(502): CodeIgniter\CodeIgniter->runController(Object(App\Controllers\Home))
#9 /Applications/XAMPP/xamppfiles/htdocs/siskar_padi/vendor/codeigniter4/framework/system/CodeIgniter.php(361): CodeIgniter\CodeIgniter->handleRequest(NULL, Object(Config\Cache), false)
#10 /Applications/XAMPP/xamppfiles/htdocs/siskar_padi/public/index.php(79): CodeIgniter\CodeIgniter->run()
#11 /Applications/XAMPP/xamppfiles/htdocs/siskar_padi/vendor/codeigniter4/framework/system/Commands/Server/rewrite.php(47): require_once('/Applications/X...')
#12 {main}
CRITICAL - 2024-03-20 02:02:56 --> CodeIgniter\Database\Exceptions\DatabaseException: Unknown column 'kode_penyakit' in 'where clause'
in SYSTEMPATH/Database/BaseConnection.php on line 647.
 1 SYSTEMPATH/Database/BaseBuilder.php(1613): CodeIgniter\Database\BaseConnection->query('SELECT *
FROM `penyakit`
WHERE `kode_penyakit` = :kode_penyakit:
 LIMIT 1', [...], false)
 2 SYSTEMPATH/Model.php(270): CodeIgniter\Database\BaseBuilder->get()
 3 SYSTEMPATH/BaseModel.php(676): CodeIgniter\Model->doFirst()
 4 APPPATH/Controllers/Home.php(56): CodeIgniter\BaseModel->first()
 5 SYSTEMPATH/CodeIgniter.php(941): App\Controllers\Home->diagnosa()
 6 SYSTEMPATH/CodeIgniter.php(502): CodeIgniter\CodeIgniter->runController(Object(App\Controllers\Home))
 7 SYSTEMPATH/CodeIgniter.php(361): CodeIgniter\CodeIgniter->handleRequest(null, Object(Config\Cache), false)
 8 FCPATH/index.php(79): CodeIgniter\CodeIgniter->run()
 9 SYSTEMPATH/Commands/Server/rewrite.php(47): require_once('/Applications/XAMPP/xamppfiles/htdocs/siskar_padi/public/index.php')
CRITICAL - 2024-03-20 02:02:56 --> [Caused by] CodeIgniter\Database\Exceptions\DatabaseException: Unknown column 'kode_penyakit' in 'where clause'
in SYSTEMPATH/Database/MySQLi/Connection.php on line 311.
 1 SYSTEMPATH/Database/BaseConnection.php(693): CodeIgniter\Database\MySQLi\Connection->execute('SELECT *
FROM `penyakit`
WHERE `kode_penyakit` = \'D07\'
 LIMIT 1')
 2 SYSTEMPATH/Database/BaseConnection.php(607): CodeIgniter\Database\BaseConnection->simpleQuery('SELECT *
FROM `penyakit`
WHERE `kode_penyakit` = \'D07\'
 LIMIT 1')
 3 SYSTEMPATH/Database/BaseBuilder.php(1613): CodeIgniter\Database\BaseConnection->query('SELECT *
FROM `penyakit`
WHERE `kode_penyakit` = :kode_penyakit:
 LIMIT 1', [...], false)
 4 SYSTEMPATH/Model.php(270): CodeIgniter\Database\BaseBuilder->get()
 5 SYSTEMPATH/BaseModel.php(676): CodeIgniter\Model->doFirst()
 6 APPPATH/Controllers/Home.php(56): CodeIgniter\BaseModel->first()
 7 SYSTEMPATH/CodeIgniter.php(941): App\Controllers\Home->diagnosa()
 8 SYSTEMPATH/CodeIgniter.php(502): CodeIgniter\CodeIgniter->runController(Object(App\Controllers\Home))
 9 SYSTEMPATH/CodeIgniter.php(361): CodeIgniter\CodeIgniter->handleRequest(null, Object(Config\Cache), false)
10 FCPATH/index.php(79): CodeIgniter\CodeIgniter->run()
11 SYSTEMPATH/Commands/Server/rewrite.php(47): require_once('/Applications/XAMPP/xamppfiles/htdocs/siskar_padi/public/index.php')
CRITICAL - 2024-03-20 02:02:56 --> [Caused by] mysqli_sql_exception: Unknown column 'kode_penyakit' in 'where clause'
in SYSTEMPATH/Database/MySQLi/Connection.php on line 306.
 1 SYSTEMPATH/Database/MySQLi/Connection.php(306): mysqli->query('SELECT *
FROM `penyakit`
WHERE `kode_penyakit` = \'D07\'
 LIMIT 1', 0)
 2 SYSTEMPATH/Database/BaseConnection.php(693): CodeIgniter\Database\MySQLi\Connection->execute('SELECT *
FROM `penyakit`
WHERE `kode_penyakit` = \'D07\'
 LIMIT 1')
 3 SYSTEMPATH/Database/BaseConnection.php(607): CodeIgniter\Database\BaseConnection->simpleQuery('SELECT *
FROM `penyakit`
WHERE `kode_penyakit` = \'D07\'
 LIMIT 1')
 4 SYSTEMPATH/Database/BaseBuilder.php(1613): CodeIgniter\Database\BaseConnection->query('SELECT *
FROM `penyakit`
WHERE `kode_penyakit` = :kode_penyakit:
 LIMIT 1', [...], false)
 5 SYSTEMPATH/Model.php(270): CodeIgniter\Database\BaseBuilder->get()
 6 SYSTEMPATH/BaseModel.php(676): CodeIgniter\Model->doFirst()
 7 APPPATH/Controllers/Home.php(56): CodeIgniter\BaseModel->first()
 8 SYSTEMPATH/CodeIgniter.php(941): App\Controllers\Home->diagnosa()
 9 SYSTEMPATH/CodeIgniter.php(502): CodeIgniter\CodeIgniter->runController(Object(App\Controllers\Home))
10 SYSTEMPATH/CodeIgniter.php(361): CodeIgniter\CodeIgniter->handleRequest(null, Object(Config\Cache), false)
11 FCPATH/index.php(79): CodeIgniter\CodeIgniter->run()
12 SYSTEMPATH/Commands/Server/rewrite.php(47): require_once('/Applications/XAMPP/xamppfiles/htdocs/siskar_padi/public/index.php')
INFO - 2024-03-20 02:03:34 --> Session: Class initialized using 'CodeIgniter\Session\Handlers\FileHandler' driver.
INFO - 2024-03-20 02:03:34 --> Session: Class initialized using 'CodeIgniter\Session\Handlers\FileHandler' driver.
INFO - 2024-03-20 02:03:54 --> Session: Class initialized using 'CodeIgniter\Session\Handlers\FileHandler' driver.
INFO - 2024-03-20 02:03:54 --> Session: Class initialized using 'CodeIgniter\Session\Handlers\FileHandler' driver.
INFO - 2024-03-20 02:04:11 --> Session: Class initialized using 'CodeIgniter\Session\Handlers\FileHandler' driver.
INFO - 2024-03-20 02:04:11 --> Session: Class initialized using 'CodeIgniter\Session\Handlers\FileHandler' driver.
INFO - 2024-03-20 02:15:10 --> Session: Class initialized using 'CodeIgniter\Session\Handlers\FileHandler' driver.
INFO - 2024-03-20 02:15:20 --> Session: Class initialized using 'CodeIgniter\Session\Handlers\FileHandler' driver.
INFO - 2024-03-20 02:15:20 --> Session: Class initialized using 'CodeIgniter\Session\Handlers\FileHandler' driver.
INFO - 2024-03-20 02:16:43 --> Session: Class initialized using 'CodeIgniter\Session\Handlers\FileHandler' driver.
INFO - 2024-03-20 02:16:50 --> Session: Class initialized using 'CodeIgniter\Session\Handlers\FileHandler' driver.
INFO - 2024-03-20 02:16:50 --> Session: Class initialized using 'CodeIgniter\Session\Handlers\FileHandler' driver.
INFO - 2024-03-20 03:09:59 --> Session: Class initialized using 'CodeIgniter\Session\Handlers\FileHandler' driver.
INFO - 2024-03-20 03:10:36 --> Session: Class initialized using 'CodeIgniter\Session\Handlers\FileHandler' driver.
INFO - 2024-03-20 03:10:40 --> Session: Class initialized using 'CodeIgniter\Session\Handlers\FileHandler' driver.
INFO - 2024-03-20 03:10:40 --> Session: Class initialized using 'CodeIgniter\Session\Handlers\FileHandler' driver.
CRITICAL - 2024-03-20 03:10:54 --> ErrorException: Undefined array key "id_penyakit"
in APPPATH/Views/tabel_data_penyakit.php on line 44.
 1 APPPATH/Views/tabel_data_penyakit.php(44): CodeIgniter\Debug\Exceptions->errorHandler(2, 'Undefined array key "id_penyakit"', '/Applications/XAMPP/xamppfiles/htdocs/siskar_padi/app/Views/tabel_data_penyakit.php', 44)
 2 SYSTEMPATH/View/View.php(228): include('/Applications/XAMPP/xamppfiles/htdocs/siskar_padi/app/Views/tabel_data_penyakit.php')
 3 SYSTEMPATH/View/View.php(231): CodeIgniter\View\View->CodeIgniter\View\{closure}()
 4 SYSTEMPATH/Common.php(1178): CodeIgniter\View\View->render('tabel_data_penyakit.php', [], true)
 5 APPPATH/Controllers/PenyakitController.php(14): view('tabel_data_penyakit.php', [...])
 6 SYSTEMPATH/CodeIgniter.php(941): App\Controllers\PenyakitController->index()
 7 SYSTEMPATH/CodeIgniter.php(502): CodeIgniter\CodeIgniter->runController(Object(App\Controllers\PenyakitController))
 8 SYSTEMPATH/CodeIgniter.php(361): CodeIgniter\CodeIgniter->handleRequest(null, Object(Config\Cache), false)
 9 FCPATH/index.php(79): CodeIgniter\CodeIgniter->run()
10 SYSTEMPATH/Commands/Server/rewrite.php(47): require_once('/Applications/XAMPP/xamppfiles/htdocs/siskar_padi/public/index.php')
CRITICAL - 2024-03-20 03:17:36 --> ErrorException: Undefined array key "id_penyakit"
in APPPATH/Views/tabel_data_penyakit.php on line 44.
 1 APPPATH/Views/tabel_data_penyakit.php(44): CodeIgniter\Debug\Exceptions->errorHandler(2, 'Undefined array key "id_penyakit"', '/Applications/XAMPP/xamppfiles/htdocs/siskar_padi/app/Views/tabel_data_penyakit.php', 44)
 2 SYSTEMPATH/View/View.php(228): include('/Applications/XAMPP/xamppfiles/htdocs/siskar_padi/app/Views/tabel_data_penyakit.php')
 3 SYSTEMPATH/View/View.php(231): CodeIgniter\View\View->CodeIgniter\View\{closure}()
 4 SYSTEMPATH/Common.php(1178): CodeIgniter\View\View->render('tabel_data_penyakit.php', [], true)
 5 APPPATH/Controllers/PenyakitController.php(14): view('tabel_data_penyakit.php', [...])
 6 SYSTEMPATH/CodeIgniter.php(941): App\Controllers\PenyakitController->index()
 7 SYSTEMPATH/CodeIgniter.php(502): CodeIgniter\CodeIgniter->runController(Object(App\Controllers\PenyakitController))
 8 SYSTEMPATH/CodeIgniter.php(361): CodeIgniter\CodeIgniter->handleRequest(null, Object(Config\Cache), false)
 9 FCPATH/index.php(79): CodeIgniter\CodeIgniter->run()
10 SYSTEMPATH/Commands/Server/rewrite.php(47): require_once('/Applications/XAMPP/xamppfiles/htdocs/siskar_padi/public/index.php')
CRITICAL - 2024-03-20 03:17:38 --> ErrorException: Undefined array key "id_penyakit"
in APPPATH/Views/tabel_data_penyakit.php on line 44.
 1 APPPATH/Views/tabel_data_penyakit.php(44): CodeIgniter\Debug\Exceptions->errorHandler(2, 'Undefined array key "id_penyakit"', '/Applications/XAMPP/xamppfiles/htdocs/siskar_padi/app/Views/tabel_data_penyakit.php', 44)
 2 SYSTEMPATH/View/View.php(228): include('/Applications/XAMPP/xamppfiles/htdocs/siskar_padi/app/Views/tabel_data_penyakit.php')
 3 SYSTEMPATH/View/View.php(231): CodeIgniter\View\View->CodeIgniter\View\{closure}()
 4 SYSTEMPATH/Common.php(1178): CodeIgniter\View\View->render('tabel_data_penyakit.php', [], true)
 5 APPPATH/Controllers/PenyakitController.php(14): view('tabel_data_penyakit.php', [...])
 6 SYSTEMPATH/CodeIgniter.php(941): App\Controllers\PenyakitController->index()
 7 SYSTEMPATH/CodeIgniter.php(502): CodeIgniter\CodeIgniter->runController(Object(App\Controllers\PenyakitController))
 8 SYSTEMPATH/CodeIgniter.php(361): CodeIgniter\CodeIgniter->handleRequest(null, Object(Config\Cache), false)
 9 FCPATH/index.php(79): CodeIgniter\CodeIgniter->run()
10 SYSTEMPATH/Commands/Server/rewrite.php(47): require_once('/Applications/XAMPP/xamppfiles/htdocs/siskar_padi/public/index.php')
CRITICAL - 2024-03-20 03:18:11 --> ErrorException: Undefined array key "id_penyakit"
in APPPATH/Views/edit_data_penyakit.php on line 16.
 1 APPPATH/Views/edit_data_penyakit.php(16): CodeIgniter\Debug\Exceptions->errorHandler(2, 'Undefined array key "id_penyakit"', '/Applications/XAMPP/xamppfiles/htdocs/siskar_padi/app/Views/edit_data_penyakit.php', 16)
 2 SYSTEMPATH/View/View.php(228): include('/Applications/XAMPP/xamppfiles/htdocs/siskar_padi/app/Views/edit_data_penyakit.php')
 3 SYSTEMPATH/View/View.php(231): CodeIgniter\View\View->CodeIgniter\View\{closure}()
 4 SYSTEMPATH/Common.php(1178): CodeIgniter\View\View->render('edit_data_penyakit.php', [], true)
 5 APPPATH/Controllers/PenyakitController.php(54): view('edit_data_penyakit.php', [...])
 6 SYSTEMPATH/CodeIgniter.php(941): App\Controllers\PenyakitController->edit('1')
 7 SYSTEMPATH/CodeIgniter.php(502): CodeIgniter\CodeIgniter->runController(Object(App\Controllers\PenyakitController))
 8 SYSTEMPATH/CodeIgniter.php(361): CodeIgniter\CodeIgniter->handleRequest(null, Object(Config\Cache), false)
 9 FCPATH/index.php(79): CodeIgniter\CodeIgniter->run()
10 SYSTEMPATH/Commands/Server/rewrite.php(47): require_once('/Applications/XAMPP/xamppfiles/htdocs/siskar_padi/public/index.php')
CRITICAL - 2024-03-20 03:18:55 --> ErrorException: Undefined array key "id_penyakit"
in APPPATH/Views/edit_data_penyakit.php on line 16.
 1 APPPATH/Views/edit_data_penyakit.php(16): CodeIgniter\Debug\Exceptions->errorHandler(2, 'Undefined array key "id_penyakit"', '/Applications/XAMPP/xamppfiles/htdocs/siskar_padi/app/Views/edit_data_penyakit.php', 16)
 2 SYSTEMPATH/View/View.php(228): include('/Applications/XAMPP/xamppfiles/htdocs/siskar_padi/app/Views/edit_data_penyakit.php')
 3 SYSTEMPATH/View/View.php(231): CodeIgniter\View\View->CodeIgniter\View\{closure}()
 4 SYSTEMPATH/Common.php(1178): CodeIgniter\View\View->render('edit_data_penyakit.php', [], true)
 5 APPPATH/Controllers/PenyakitController.php(54): view('edit_data_penyakit.php', [...])
 6 SYSTEMPATH/CodeIgniter.php(941): App\Controllers\PenyakitController->edit('1')
 7 SYSTEMPATH/CodeIgniter.php(502): CodeIgniter\CodeIgniter->runController(Object(App\Controllers\PenyakitController))
 8 SYSTEMPATH/CodeIgniter.php(361): CodeIgniter\CodeIgniter->handleRequest(null, Object(Config\Cache), false)
 9 FCPATH/index.php(79): CodeIgniter\CodeIgniter->run()
10 SYSTEMPATH/Commands/Server/rewrite.php(47): require_once('/Applications/XAMPP/xamppfiles/htdocs/siskar_padi/public/index.php')
CRITICAL - 2024-03-20 03:19:41 --> Error: Call to a member function isValid() on null
in APPPATH/Controllers/PenyakitController.php on line 65.
 1 SYSTEMPATH/CodeIgniter.php(941): App\Controllers\PenyakitController->update()
 2 SYSTEMPATH/CodeIgniter.php(502): CodeIgniter\CodeIgniter->runController(Object(App\Controllers\PenyakitController))
 3 SYSTEMPATH/CodeIgniter.php(361): CodeIgniter\CodeIgniter->handleRequest(null, Object(Config\Cache), false)
 4 FCPATH/index.php(79): CodeIgniter\CodeIgniter->run()
 5 SYSTEMPATH/Commands/Server/rewrite.php(47): require_once('/Applications/XAMPP/xamppfiles/htdocs/siskar_padi/public/index.php')
CRITICAL - 2024-03-20 03:27:29 --> Error: Call to a member function isValid() on null
in APPPATH/Controllers/PenyakitController.php on line 67.
 1 SYSTEMPATH/CodeIgniter.php(941): App\Controllers\PenyakitController->update()
 2 SYSTEMPATH/CodeIgniter.php(502): CodeIgniter\CodeIgniter->runController(Object(App\Controllers\PenyakitController))
 3 SYSTEMPATH/CodeIgniter.php(361): CodeIgniter\CodeIgniter->handleRequest(null, Object(Config\Cache), false)
 4 FCPATH/index.php(79): CodeIgniter\CodeIgniter->run()
 5 SYSTEMPATH/Commands/Server/rewrite.php(47): require_once('/Applications/XAMPP/xamppfiles/htdocs/siskar_padi/public/index.php')
CRITICAL - 2024-03-20 03:27:35 --> Error: Call to a member function isValid() on null
in APPPATH/Controllers/PenyakitController.php on line 67.
 1 SYSTEMPATH/CodeIgniter.php(941): App\Controllers\PenyakitController->update()
 2 SYSTEMPATH/CodeIgniter.php(502): CodeIgniter\CodeIgniter->runController(Object(App\Controllers\PenyakitController))
 3 SYSTEMPATH/CodeIgniter.php(361): CodeIgniter\CodeIgniter->handleRequest(null, Object(Config\Cache), false)
 4 FCPATH/index.php(79): CodeIgniter\CodeIgniter->run()
 5 SYSTEMPATH/Commands/Server/rewrite.php(47): require_once('/Applications/XAMPP/xamppfiles/htdocs/siskar_padi/public/index.php')
CRITICAL - 2024-03-20 03:29:23 --> Error: Call to a member function isValid() on null
in APPPATH/Controllers/PenyakitController.php on line 68.
 1 SYSTEMPATH/CodeIgniter.php(941): App\Controllers\PenyakitController->update()
 2 SYSTEMPATH/CodeIgniter.php(502): CodeIgniter\CodeIgniter->runController(Object(App\Controllers\PenyakitController))
 3 SYSTEMPATH/CodeIgniter.php(361): CodeIgniter\CodeIgniter->handleRequest(null, Object(Config\Cache), false)
 4 FCPATH/index.php(79): CodeIgniter\CodeIgniter->run()
 5 SYSTEMPATH/Commands/Server/rewrite.php(47): require_once('/Applications/XAMPP/xamppfiles/htdocs/siskar_padi/public/index.php')
CRITICAL - 2024-03-20 03:31:33 --> CodeIgniter\Database\Exceptions\DatabaseException: Updates are not allowed unless they contain a "where" or "like" clause.
in SYSTEMPATH/Model.php on line 388.
 1 SYSTEMPATH/BaseModel.php(987): CodeIgniter\Model->doUpdate(null, [...])
 2 SYSTEMPATH/Model.php(807): CodeIgniter\BaseModel->update(null, [...])
 3 APPPATH/Controllers/PenyakitController.php(86): CodeIgniter\Model->update(null, [...])
 4 SYSTEMPATH/CodeIgniter.php(941): App\Controllers\PenyakitController->update()
 5 SYSTEMPATH/CodeIgniter.php(502): CodeIgniter\CodeIgniter->runController(Object(App\Controllers\PenyakitController))
 6 SYSTEMPATH/CodeIgniter.php(361): CodeIgniter\CodeIgniter->handleRequest(null, Object(Config\Cache), false)
 7 FCPATH/index.php(79): CodeIgniter\CodeIgniter->run()
 8 SYSTEMPATH/Commands/Server/rewrite.php(47): require_once('/Applications/XAMPP/xamppfiles/htdocs/siskar_padi/public/index.php')
CRITICAL - 2024-03-20 03:33:09 --> CodeIgniter\Database\Exceptions\DatabaseException: Updates are not allowed unless they contain a "where" or "like" clause.
in SYSTEMPATH/Model.php on line 388.
 1 SYSTEMPATH/BaseModel.php(987): CodeIgniter\Model->doUpdate(null, [...])
 2 SYSTEMPATH/Model.php(807): CodeIgniter\BaseModel->update(null, [...])
 3 APPPATH/Controllers/PenyakitController.php(86): CodeIgniter\Model->update(null, [...])
 4 SYSTEMPATH/CodeIgniter.php(941): App\Controllers\PenyakitController->update()
 5 SYSTEMPATH/CodeIgniter.php(502): CodeIgniter\CodeIgniter->runController(Object(App\Controllers\PenyakitController))
 6 SYSTEMPATH/CodeIgniter.php(361): CodeIgniter\CodeIgniter->handleRequest(null, Object(Config\Cache), false)
 7 FCPATH/index.php(79): CodeIgniter\CodeIgniter->run()
 8 SYSTEMPATH/Commands/Server/rewrite.php(47): require_once('/Applications/XAMPP/xamppfiles/htdocs/siskar_padi/public/index.php')
CRITICAL - 2024-03-20 03:34:06 --> CodeIgniter\Database\Exceptions\DataException: There is no data to update.
in SYSTEMPATH/BaseModel.php on line 1778.
 1 SYSTEMPATH/BaseModel.php(1778): CodeIgniter\Database\Exceptions\DataException::forEmptyDataset('update')
 2 SYSTEMPATH/BaseModel.php(956): CodeIgniter\BaseModel->transformDataToArray(null, 'update')
 3 SYSTEMPATH/Model.php(807): CodeIgniter\BaseModel->update([...], null)
 4 APPPATH/Controllers/PenyakitController.php(87): CodeIgniter\Model->update([...])
 5 SYSTEMPATH/CodeIgniter.php(941): App\Controllers\PenyakitController->update()
 6 SYSTEMPATH/CodeIgniter.php(502): CodeIgniter\CodeIgniter->runController(Object(App\Controllers\PenyakitController))
 7 SYSTEMPATH/CodeIgniter.php(361): CodeIgniter\CodeIgniter->handleRequest(null, Object(Config\Cache), false)
 8 FCPATH/index.php(79): CodeIgniter\CodeIgniter->run()
 9 SYSTEMPATH/Commands/Server/rewrite.php(47): require_once('/Applications/XAMPP/xamppfiles/htdocs/siskar_padi/public/index.php')
CRITICAL - 2024-03-20 03:34:20 --> CodeIgniter\Database\Exceptions\DataException: There is no data to update.
in SYSTEMPATH/BaseModel.php on line 1778.
 1 SYSTEMPATH/BaseModel.php(1778): CodeIgniter\Database\Exceptions\DataException::forEmptyDataset('update')
 2 SYSTEMPATH/BaseModel.php(956): CodeIgniter\BaseModel->transformDataToArray(null, 'update')
 3 SYSTEMPATH/Model.php(807): CodeIgniter\BaseModel->update([...], null)
 4 APPPATH/Controllers/PenyakitController.php(87): CodeIgniter\Model->update([...])
 5 SYSTEMPATH/CodeIgniter.php(941): App\Controllers\PenyakitController->update()
 6 SYSTEMPATH/CodeIgniter.php(502): CodeIgniter\CodeIgniter->runController(Object(App\Controllers\PenyakitController))
 7 SYSTEMPATH/CodeIgniter.php(361): CodeIgniter\CodeIgniter->handleRequest(null, Object(Config\Cache), false)
 8 FCPATH/index.php(79): CodeIgniter\CodeIgniter->run()
 9 SYSTEMPATH/Commands/Server/rewrite.php(47): require_once('/Applications/XAMPP/xamppfiles/htdocs/siskar_padi/public/index.php')
CRITICAL - 2024-03-20 03:35:08 --> CodeIgniter\Database\Exceptions\DataException: There is no data to update.
in SYSTEMPATH/BaseModel.php on line 1778.
 1 SYSTEMPATH/BaseModel.php(1778): CodeIgniter\Database\Exceptions\DataException::forEmptyDataset('update')
 2 SYSTEMPATH/BaseModel.php(956): CodeIgniter\BaseModel->transformDataToArray(null, 'update')
 3 SYSTEMPATH/Model.php(807): CodeIgniter\BaseModel->update([...], null)
 4 APPPATH/Controllers/PenyakitController.php(95): CodeIgniter\Model->update([...])
 5 SYSTEMPATH/CodeIgniter.php(941): App\Controllers\PenyakitController->update()
 6 SYSTEMPATH/CodeIgniter.php(502): CodeIgniter\CodeIgniter->runController(Object(App\Controllers\PenyakitController))
 7 SYSTEMPATH/CodeIgniter.php(361): CodeIgniter\CodeIgniter->handleRequest(null, Object(Config\Cache), false)
 8 FCPATH/index.php(79): CodeIgniter\CodeIgniter->run()
 9 SYSTEMPATH/Commands/Server/rewrite.php(47): require_once('/Applications/XAMPP/xamppfiles/htdocs/siskar_padi/public/index.php')
INFO - 2024-03-20 03:37:14 --> Session: Class initialized using 'CodeIgniter\Session\Handlers\FileHandler' driver.
INFO - 2024-03-20 03:42:09 --> Session: Class initialized using 'CodeIgniter\Session\Handlers\FileHandler' driver.
INFO - 2024-03-20 03:42:22 --> Session: Class initialized using 'CodeIgniter\Session\Handlers\FileHandler' driver.
INFO - 2024-03-20 03:42:35 --> Session: Class initialized using 'CodeIgniter\Session\Handlers\FileHandler' driver.
INFO - 2024-03-20 03:42:48 --> Session: Class initialized using 'CodeIgniter\Session\Handlers\FileHandler' driver.
INFO - 2024-03-20 03:43:05 --> Session: Class initialized using 'CodeIgniter\Session\Handlers\FileHandler' driver.
INFO - 2024-03-20 03:43:52 --> Session: Class initialized using 'CodeIgniter\Session\Handlers\FileHandler' driver.
INFO - 2024-03-20 03:44:17 --> Session: Class initialized using 'CodeIgniter\Session\Handlers\FileHandler' driver.
INFO - 2024-03-20 03:44:25 --> Session: Class initialized using 'CodeIgniter\Session\Handlers\FileHandler' driver.
INFO - 2024-03-20 03:44:25 --> Session: Class initialized using 'CodeIgniter\Session\Handlers\FileHandler' driver.
INFO - 2024-03-20 03:44:35 --> Session: Class initialized using 'CodeIgniter\Session\Handlers\FileHandler' driver.
INFO - 2024-03-20 03:44:35 --> Session: Class initialized using 'CodeIgniter\Session\Handlers\FileHandler' driver.
INFO - 2024-03-20 03:44:50 --> Session: Class initialized using 'CodeIgniter\Session\Handlers\FileHandler' driver.
INFO - 2024-03-20 03:44:50 --> Session: Class initialized using 'CodeIgniter\Session\Handlers\FileHandler' driver.
INFO - 2024-03-20 03:45:45 --> Session: Class initialized using 'CodeIgniter\Session\Handlers\FileHandler' driver.
INFO - 2024-03-20 03:45:53 --> Session: Class initialized using 'CodeIgniter\Session\Handlers\FileHandler' driver.
INFO - 2024-03-20 03:45:53 --> Session: Class initialized using 'CodeIgniter\Session\Handlers\FileHandler' driver.
