INFO - 2024-05-04 02:25:02 --> Session: Class initialized using 'CodeIgniter\Session\Handlers\FileHandler' driver.
INFO - 2024-05-04 02:25:07 --> Session: Class initialized using 'CodeIgniter\Session\Handlers\FileHandler' driver.
INFO - 2024-05-04 02:25:18 --> Session: Class initialized using 'CodeIgniter\Session\Handlers\FileHandler' driver.
INFO - 2024-05-04 02:25:18 --> Session: Class initialized using 'CodeIgniter\Session\Handlers\FileHandler' driver.
ERROR - 2024-05-04 02:29:31 --> mysqli_sql_exception: Unknown column 'id' in 'order clause' in /Applications/XAMPP/xamppfiles/htdocs/siskar_padi/vendor/codeigniter4/framework/system/Database/MySQLi/Connection.php:306
Stack trace:
#0 /Applications/XAMPP/xamppfiles/htdocs/siskar_padi/vendor/codeigniter4/framework/system/Database/MySQLi/Connection.php(306): mysqli->query('SELECT `kode_ge...', 0)
#1 /Applications/XAMPP/xamppfiles/htdocs/siskar_padi/vendor/codeigniter4/framework/system/Database/BaseConnection.php(693): CodeIgniter\Database\MySQLi\Connection->execute('SELECT `kode_ge...')
#2 /Applications/XAMPP/xamppfiles/htdocs/siskar_padi/vendor/codeigniter4/framework/system/Database/BaseConnection.php(607): CodeIgniter\Database\BaseConnection->simpleQuery('SELECT `kode_ge...')
#3 /Applications/XAMPP/xamppfiles/htdocs/siskar_padi/vendor/codeigniter4/framework/system/Database/BaseBuilder.php(1613): CodeIgniter\Database\BaseConnection->query('SELECT `kode_ge...', Array, false)
#4 /Applications/XAMPP/xamppfiles/htdocs/siskar_padi/vendor/codeigniter4/framework/system/Model.php(270): CodeIgniter\Database\BaseBuilder->get()
#5 /Applications/XAMPP/xamppfiles/htdocs/siskar_padi/vendor/codeigniter4/framework/system/BaseModel.php(676): CodeIgniter\Model->doFirst()
#6 /Applications/XAMPP/xamppfiles/htdocs/siskar_padi/app/Models/GejalaModel.php(17): CodeIgniter\BaseModel->first()
#7 /Applications/XAMPP/xamppfiles/htdocs/siskar_padi/app/Controllers/GejalaController.php(28): App\Models\GejalaModel->getLastKodeGejala()
#8 /Applications/XAMPP/xamppfiles/htdocs/siskar_padi/vendor/codeigniter4/framework/system/CodeIgniter.php(941): App\Controllers\GejalaController->simpan()
#9 /Applications/XAMPP/xamppfiles/htdocs/siskar_padi/vendor/codeigniter4/framework/system/CodeIgniter.php(502): CodeIgniter\CodeIgniter->runController(Object(App\Controllers\GejalaController))
#10 /Applications/XAMPP/xamppfiles/htdocs/siskar_padi/vendor/codeigniter4/framework/system/CodeIgniter.php(361): CodeIgniter\CodeIgniter->handleRequest(NULL, Object(Config\Cache), false)
#11 /Applications/XAMPP/xamppfiles/htdocs/siskar_padi/public/index.php(79): CodeIgniter\CodeIgniter->run()
#12 /Applications/XAMPP/xamppfiles/htdocs/siskar_padi/vendor/codeigniter4/framework/system/Commands/Server/rewrite.php(47): require_once('/Applications/X...')
#13 {main}
CRITICAL - 2024-05-04 02:29:31 --> CodeIgniter\Database\Exceptions\DatabaseException: Unknown column 'id' in 'order clause'
in SYSTEMPATH/Database/BaseConnection.php on line 647.
 1 SYSTEMPATH/Database/BaseBuilder.php(1613): CodeIgniter\Database\BaseConnection->query('SELECT `kode_gejala`
FROM `gejala`
ORDER BY `id` DESC
 LIMIT 1', [], false)
 2 SYSTEMPATH/Model.php(270): CodeIgniter\Database\BaseBuilder->get()
 3 SYSTEMPATH/BaseModel.php(676): CodeIgniter\Model->doFirst()
 4 APPPATH/Models/GejalaModel.php(17): CodeIgniter\BaseModel->first()
 5 APPPATH/Controllers/GejalaController.php(28): App\Models\GejalaModel->getLastKodeGejala()
 6 SYSTEMPATH/CodeIgniter.php(941): App\Controllers\GejalaController->simpan()
 7 SYSTEMPATH/CodeIgniter.php(502): CodeIgniter\CodeIgniter->runController(Object(App\Controllers\GejalaController))
 8 SYSTEMPATH/CodeIgniter.php(361): CodeIgniter\CodeIgniter->handleRequest(null, Object(Config\Cache), false)
 9 FCPATH/index.php(79): CodeIgniter\CodeIgniter->run()
10 SYSTEMPATH/Commands/Server/rewrite.php(47): require_once('/Applications/XAMPP/xamppfiles/htdocs/siskar_padi/public/index.php')
CRITICAL - 2024-05-04 02:29:31 --> [Caused by] CodeIgniter\Database\Exceptions\DatabaseException: Unknown column 'id' in 'order clause'
in SYSTEMPATH/Database/MySQLi/Connection.php on line 311.
 1 SYSTEMPATH/Database/BaseConnection.php(693): CodeIgniter\Database\MySQLi\Connection->execute('SELECT `kode_gejala`
FROM `gejala`
ORDER BY `id` DESC
 LIMIT 1')
 2 SYSTEMPATH/Database/BaseConnection.php(607): CodeIgniter\Database\BaseConnection->simpleQuery('SELECT `kode_gejala`
FROM `gejala`
ORDER BY `id` DESC
 LIMIT 1')
 3 SYSTEMPATH/Database/BaseBuilder.php(1613): CodeIgniter\Database\BaseConnection->query('SELECT `kode_gejala`
FROM `gejala`
ORDER BY `id` DESC
 LIMIT 1', [], false)
 4 SYSTEMPATH/Model.php(270): CodeIgniter\Database\BaseBuilder->get()
 5 SYSTEMPATH/BaseModel.php(676): CodeIgniter\Model->doFirst()
 6 APPPATH/Models/GejalaModel.php(17): CodeIgniter\BaseModel->first()
 7 APPPATH/Controllers/GejalaController.php(28): App\Models\GejalaModel->getLastKodeGejala()
 8 SYSTEMPATH/CodeIgniter.php(941): App\Controllers\GejalaController->simpan()
 9 SYSTEMPATH/CodeIgniter.php(502): CodeIgniter\CodeIgniter->runController(Object(App\Controllers\GejalaController))
10 SYSTEMPATH/CodeIgniter.php(361): CodeIgniter\CodeIgniter->handleRequest(null, Object(Config\Cache), false)
11 FCPATH/index.php(79): CodeIgniter\CodeIgniter->run()
12 SYSTEMPATH/Commands/Server/rewrite.php(47): require_once('/Applications/XAMPP/xamppfiles/htdocs/siskar_padi/public/index.php')
CRITICAL - 2024-05-04 02:29:31 --> [Caused by] mysqli_sql_exception: Unknown column 'id' in 'order clause'
in SYSTEMPATH/Database/MySQLi/Connection.php on line 306.
 1 SYSTEMPATH/Database/MySQLi/Connection.php(306): mysqli->query('SELECT `kode_gejala`
FROM `gejala`
ORDER BY `id` DESC
 LIMIT 1', 0)
 2 SYSTEMPATH/Database/BaseConnection.php(693): CodeIgniter\Database\MySQLi\Connection->execute('SELECT `kode_gejala`
FROM `gejala`
ORDER BY `id` DESC
 LIMIT 1')
 3 SYSTEMPATH/Database/BaseConnection.php(607): CodeIgniter\Database\BaseConnection->simpleQuery('SELECT `kode_gejala`
FROM `gejala`
ORDER BY `id` DESC
 LIMIT 1')
 4 SYSTEMPATH/Database/BaseBuilder.php(1613): CodeIgniter\Database\BaseConnection->query('SELECT `kode_gejala`
FROM `gejala`
ORDER BY `id` DESC
 LIMIT 1', [], false)
 5 SYSTEMPATH/Model.php(270): CodeIgniter\Database\BaseBuilder->get()
 6 SYSTEMPATH/BaseModel.php(676): CodeIgniter\Model->doFirst()
 7 APPPATH/Models/GejalaModel.php(17): CodeIgniter\BaseModel->first()
 8 APPPATH/Controllers/GejalaController.php(28): App\Models\GejalaModel->getLastKodeGejala()
 9 SYSTEMPATH/CodeIgniter.php(941): App\Controllers\GejalaController->simpan()
10 SYSTEMPATH/CodeIgniter.php(502): CodeIgniter\CodeIgniter->runController(Object(App\Controllers\GejalaController))
11 SYSTEMPATH/CodeIgniter.php(361): CodeIgniter\CodeIgniter->handleRequest(null, Object(Config\Cache), false)
12 FCPATH/index.php(79): CodeIgniter\CodeIgniter->run()
13 SYSTEMPATH/Commands/Server/rewrite.php(47): require_once('/Applications/XAMPP/xamppfiles/htdocs/siskar_padi/public/index.php')
ERROR - 2024-05-04 02:30:19 --> mysqli_sql_exception: Unknown column 'id' in 'order clause' in /Applications/XAMPP/xamppfiles/htdocs/siskar_padi/vendor/codeigniter4/framework/system/Database/MySQLi/Connection.php:306
Stack trace:
#0 /Applications/XAMPP/xamppfiles/htdocs/siskar_padi/vendor/codeigniter4/framework/system/Database/MySQLi/Connection.php(306): mysqli->query('SELECT `kode_ge...', 0)
#1 /Applications/XAMPP/xamppfiles/htdocs/siskar_padi/vendor/codeigniter4/framework/system/Database/BaseConnection.php(693): CodeIgniter\Database\MySQLi\Connection->execute('SELECT `kode_ge...')
#2 /Applications/XAMPP/xamppfiles/htdocs/siskar_padi/vendor/codeigniter4/framework/system/Database/BaseConnection.php(607): CodeIgniter\Database\BaseConnection->simpleQuery('SELECT `kode_ge...')
#3 /Applications/XAMPP/xamppfiles/htdocs/siskar_padi/vendor/codeigniter4/framework/system/Database/BaseBuilder.php(1613): CodeIgniter\Database\BaseConnection->query('SELECT `kode_ge...', Array, false)
#4 /Applications/XAMPP/xamppfiles/htdocs/siskar_padi/vendor/codeigniter4/framework/system/Model.php(270): CodeIgniter\Database\BaseBuilder->get()
#5 /Applications/XAMPP/xamppfiles/htdocs/siskar_padi/vendor/codeigniter4/framework/system/BaseModel.php(676): CodeIgniter\Model->doFirst()
#6 /Applications/XAMPP/xamppfiles/htdocs/siskar_padi/app/Models/GejalaModel.php(17): CodeIgniter\BaseModel->first()
#7 /Applications/XAMPP/xamppfiles/htdocs/siskar_padi/app/Controllers/GejalaController.php(28): App\Models\GejalaModel->getLastKodeGejala()
#8 /Applications/XAMPP/xamppfiles/htdocs/siskar_padi/vendor/codeigniter4/framework/system/CodeIgniter.php(941): App\Controllers\GejalaController->simpan()
#9 /Applications/XAMPP/xamppfiles/htdocs/siskar_padi/vendor/codeigniter4/framework/system/CodeIgniter.php(502): CodeIgniter\CodeIgniter->runController(Object(App\Controllers\GejalaController))
#10 /Applications/XAMPP/xamppfiles/htdocs/siskar_padi/vendor/codeigniter4/framework/system/CodeIgniter.php(361): CodeIgniter\CodeIgniter->handleRequest(NULL, Object(Config\Cache), false)
#11 /Applications/XAMPP/xamppfiles/htdocs/siskar_padi/public/index.php(79): CodeIgniter\CodeIgniter->run()
#12 /Applications/XAMPP/xamppfiles/htdocs/siskar_padi/vendor/codeigniter4/framework/system/Commands/Server/rewrite.php(47): require_once('/Applications/X...')
#13 {main}
CRITICAL - 2024-05-04 02:30:19 --> CodeIgniter\Database\Exceptions\DatabaseException: Unknown column 'id' in 'order clause'
in SYSTEMPATH/Database/BaseConnection.php on line 647.
 1 SYSTEMPATH/Database/BaseBuilder.php(1613): CodeIgniter\Database\BaseConnection->query('SELECT `kode_gejala`
FROM `gejala`
ORDER BY `id` DESC
 LIMIT 1', [], false)
 2 SYSTEMPATH/Model.php(270): CodeIgniter\Database\BaseBuilder->get()
 3 SYSTEMPATH/BaseModel.php(676): CodeIgniter\Model->doFirst()
 4 APPPATH/Models/GejalaModel.php(17): CodeIgniter\BaseModel->first()
 5 APPPATH/Controllers/GejalaController.php(28): App\Models\GejalaModel->getLastKodeGejala()
 6 SYSTEMPATH/CodeIgniter.php(941): App\Controllers\GejalaController->simpan()
 7 SYSTEMPATH/CodeIgniter.php(502): CodeIgniter\CodeIgniter->runController(Object(App\Controllers\GejalaController))
 8 SYSTEMPATH/CodeIgniter.php(361): CodeIgniter\CodeIgniter->handleRequest(null, Object(Config\Cache), false)
 9 FCPATH/index.php(79): CodeIgniter\CodeIgniter->run()
10 SYSTEMPATH/Commands/Server/rewrite.php(47): require_once('/Applications/XAMPP/xamppfiles/htdocs/siskar_padi/public/index.php')
CRITICAL - 2024-05-04 02:30:19 --> [Caused by] CodeIgniter\Database\Exceptions\DatabaseException: Unknown column 'id' in 'order clause'
in SYSTEMPATH/Database/MySQLi/Connection.php on line 311.
 1 SYSTEMPATH/Database/BaseConnection.php(693): CodeIgniter\Database\MySQLi\Connection->execute('SELECT `kode_gejala`
FROM `gejala`
ORDER BY `id` DESC
 LIMIT 1')
 2 SYSTEMPATH/Database/BaseConnection.php(607): CodeIgniter\Database\BaseConnection->simpleQuery('SELECT `kode_gejala`
FROM `gejala`
ORDER BY `id` DESC
 LIMIT 1')
 3 SYSTEMPATH/Database/BaseBuilder.php(1613): CodeIgniter\Database\BaseConnection->query('SELECT `kode_gejala`
FROM `gejala`
ORDER BY `id` DESC
 LIMIT 1', [], false)
 4 SYSTEMPATH/Model.php(270): CodeIgniter\Database\BaseBuilder->get()
 5 SYSTEMPATH/BaseModel.php(676): CodeIgniter\Model->doFirst()
 6 APPPATH/Models/GejalaModel.php(17): CodeIgniter\BaseModel->first()
 7 APPPATH/Controllers/GejalaController.php(28): App\Models\GejalaModel->getLastKodeGejala()
 8 SYSTEMPATH/CodeIgniter.php(941): App\Controllers\GejalaController->simpan()
 9 SYSTEMPATH/CodeIgniter.php(502): CodeIgniter\CodeIgniter->runController(Object(App\Controllers\GejalaController))
10 SYSTEMPATH/CodeIgniter.php(361): CodeIgniter\CodeIgniter->handleRequest(null, Object(Config\Cache), false)
11 FCPATH/index.php(79): CodeIgniter\CodeIgniter->run()
12 SYSTEMPATH/Commands/Server/rewrite.php(47): require_once('/Applications/XAMPP/xamppfiles/htdocs/siskar_padi/public/index.php')
CRITICAL - 2024-05-04 02:30:19 --> [Caused by] mysqli_sql_exception: Unknown column 'id' in 'order clause'
in SYSTEMPATH/Database/MySQLi/Connection.php on line 306.
 1 SYSTEMPATH/Database/MySQLi/Connection.php(306): mysqli->query('SELECT `kode_gejala`
FROM `gejala`
ORDER BY `id` DESC
 LIMIT 1', 0)
 2 SYSTEMPATH/Database/BaseConnection.php(693): CodeIgniter\Database\MySQLi\Connection->execute('SELECT `kode_gejala`
FROM `gejala`
ORDER BY `id` DESC
 LIMIT 1')
 3 SYSTEMPATH/Database/BaseConnection.php(607): CodeIgniter\Database\BaseConnection->simpleQuery('SELECT `kode_gejala`
FROM `gejala`
ORDER BY `id` DESC
 LIMIT 1')
 4 SYSTEMPATH/Database/BaseBuilder.php(1613): CodeIgniter\Database\BaseConnection->query('SELECT `kode_gejala`
FROM `gejala`
ORDER BY `id` DESC
 LIMIT 1', [], false)
 5 SYSTEMPATH/Model.php(270): CodeIgniter\Database\BaseBuilder->get()
 6 SYSTEMPATH/BaseModel.php(676): CodeIgniter\Model->doFirst()
 7 APPPATH/Models/GejalaModel.php(17): CodeIgniter\BaseModel->first()
 8 APPPATH/Controllers/GejalaController.php(28): App\Models\GejalaModel->getLastKodeGejala()
 9 SYSTEMPATH/CodeIgniter.php(941): App\Controllers\GejalaController->simpan()
10 SYSTEMPATH/CodeIgniter.php(502): CodeIgniter\CodeIgniter->runController(Object(App\Controllers\GejalaController))
11 SYSTEMPATH/CodeIgniter.php(361): CodeIgniter\CodeIgniter->handleRequest(null, Object(Config\Cache), false)
12 FCPATH/index.php(79): CodeIgniter\CodeIgniter->run()
13 SYSTEMPATH/Commands/Server/rewrite.php(47): require_once('/Applications/XAMPP/xamppfiles/htdocs/siskar_padi/public/index.php')
